{
  "RSpec": {
    "coverage": {
      "/Users/jennanichols/Ada/ProjectForks/MediaRanker/app/helpers/albums_helper.rb": [
        1,
        null
      ],
      "/Users/jennanichols/Ada/ProjectForks/MediaRanker/app/helpers/application_helper.rb": [
        1,
        null
      ],
      "/Users/jennanichols/Ada/ProjectForks/MediaRanker/app/helpers/books_helper.rb": [
        1,
        null
      ],
      "/Users/jennanichols/Ada/ProjectForks/MediaRanker/app/helpers/movies_helper.rb": [
        1,
        null
      ],
      "/Users/jennanichols/Ada/ProjectForks/MediaRanker/app/helpers/welcome_helper.rb": [
        1,
        null
      ],
      "/Users/jennanichols/Ada/ProjectForks/MediaRanker/app/controllers/albums_controller.rb": [
        1,
        1,
        1,
        null,
        1,
        null,
        1,
        1,
        null,
        null,
        null,
        1,
        1,
        null,
        null,
        1,
        2,
        null,
        2,
        1,
        null,
        1,
        null,
        null,
        null,
        1,
        1,
        1,
        null,
        null,
        1,
        1,
        null,
        null,
        1,
        2,
        2,
        null,
        2,
        1,
        null,
        1,
        null,
        null,
        null,
        1,
        1,
        1,
        null,
        1,
        null,
        null,
        1,
        1,
        1,
        null,
        1,
        null,
        null,
        null,
        1,
        null,
        1,
        4,
        null,
        null
      ],
      "/Users/jennanichols/Ada/ProjectForks/MediaRanker/app/controllers/application_controller.rb": [
        1,
        null,
        null,
        1,
        null
      ],
      "/Users/jennanichols/Ada/ProjectForks/MediaRanker/app/controllers/books_controller.rb": [
        1,
        1,
        1,
        null,
        1,
        null,
        1,
        1,
        null,
        null,
        null,
        1,
        1,
        null,
        null,
        1,
        2,
        null,
        2,
        1,
        null,
        1,
        null,
        null,
        null,
        1,
        1,
        1,
        null,
        null,
        1,
        1,
        null,
        null,
        1,
        2,
        2,
        null,
        2,
        1,
        null,
        1,
        null,
        null,
        null,
        1,
        1,
        1,
        null,
        1,
        null,
        null,
        1,
        1,
        1,
        null,
        1,
        null,
        null,
        null,
        1,
        null,
        1,
        4,
        null,
        null
      ],
      "/Users/jennanichols/Ada/ProjectForks/MediaRanker/app/controllers/movies_controller.rb": [
        1,
        1,
        1,
        null,
        1,
        null,
        1,
        1,
        null,
        null,
        null,
        1,
        1,
        null,
        null,
        1,
        2,
        null,
        2,
        1,
        null,
        1,
        null,
        null,
        null,
        1,
        1,
        1,
        null,
        null,
        1,
        1,
        null,
        null,
        1,
        2,
        2,
        null,
        2,
        1,
        null,
        1,
        null,
        null,
        null,
        1,
        1,
        1,
        null,
        1,
        null,
        null,
        1,
        1,
        1,
        null,
        1,
        null,
        null,
        null,
        1,
        null,
        1,
        4,
        null,
        null,
        null
      ],
      "/Users/jennanichols/Ada/ProjectForks/MediaRanker/app/models/album.rb": [
        1,
        1,
        1,
        1,
        null,
        1,
        null,
        1,
        null
      ],
      "/Users/jennanichols/Ada/ProjectForks/MediaRanker/app/models/book.rb": [
        1,
        1,
        1,
        1,
        null,
        1,
        null,
        1,
        null
      ],
      "/Users/jennanichols/Ada/ProjectForks/MediaRanker/app/models/movie.rb": [
        1,
        1,
        1,
        1,
        null,
        1,
        null,
        1,
        null
      ],
      "/Users/jennanichols/Ada/ProjectForks/MediaRanker/app/controllers/welcome_controller.rb": [
        0,
        0,
        0,
        0,
        0,
        0,
        0,
        0,
        0,
        0,
        0,
        0
      ]
    },
    "timestamp": 1449017167
  }
}
