{
  "RSpec": {
    "coverage": {
      "/Users/BluePenguin/Documents/Ada/project-forks/mediaranker/MediaRanker/app/helpers/albums_helper.rb": [
        1,
        null
      ],
      "/Users/BluePenguin/Documents/Ada/project-forks/mediaranker/MediaRanker/app/helpers/application_helper.rb": [
        1,
        null
      ],
      "/Users/BluePenguin/Documents/Ada/project-forks/mediaranker/MediaRanker/app/helpers/books_helper.rb": [
        1,
        null
      ],
      "/Users/BluePenguin/Documents/Ada/project-forks/mediaranker/MediaRanker/app/helpers/movies_helper.rb": [
        1,
        null
      ],
      "/Users/BluePenguin/Documents/Ada/project-forks/mediaranker/MediaRanker/app/controllers/albums_controller.rb": [
        1,
        1,
        1,
        null,
        null,
        1,
        1,
        null,
        null,
        1,
        1,
        null,
        null,
        1,
        2,
        2,
        2,
        1,
        null,
        1,
        null,
        null,
        null,
        1,
        1,
        null,
        null,
        1,
        2,
        2,
        2,
        1,
        null,
        1,
        null,
        null,
        null,
        1,
        1,
        1,
        1,
        null,
        null,
        1,
        1,
        1,
        1,
        1,
        null,
        null,
        1,
        null,
        1,
        4,
        null,
        null
      ],
      "/Users/BluePenguin/Documents/Ada/project-forks/mediaranker/MediaRanker/app/controllers/application_controller.rb": [
        1,
        null,
        null,
        1,
        null,
        1,
        1,
        1,
        1,
        null,
        null
      ],
      "/Users/BluePenguin/Documents/Ada/project-forks/mediaranker/MediaRanker/app/controllers/books_controller.rb": [
        1,
        1,
        1,
        null,
        null,
        1,
        1,
        null,
        null,
        1,
        1,
        null,
        null,
        1,
        2,
        2,
        2,
        1,
        null,
        1,
        null,
        null,
        null,
        1,
        1,
        null,
        null,
        1,
        2,
        2,
        2,
        1,
        null,
        1,
        null,
        null,
        null,
        1,
        1,
        1,
        1,
        null,
        null,
        1,
        1,
        1,
        1,
        1,
        null,
        null,
        1,
        null,
        1,
        4,
        null,
        null
      ],
      "/Users/BluePenguin/Documents/Ada/project-forks/mediaranker/MediaRanker/app/controllers/movies_controller.rb": [
        1,
        1,
        1,
        null,
        null,
        1,
        1,
        null,
        null,
        1,
        1,
        null,
        null,
        1,
        2,
        2,
        2,
        1,
        null,
        1,
        null,
        null,
        null,
        1,
        1,
        null,
        null,
        1,
        2,
        2,
        2,
        1,
        null,
        1,
        null,
        null,
        null,
        1,
        1,
        1,
        1,
        null,
        null,
        1,
        1,
        1,
        1,
        1,
        null,
        null,
        1,
        null,
        1,
        4,
        null,
        null
      ],
      "/Users/BluePenguin/Documents/Ada/project-forks/mediaranker/MediaRanker/app/models/album.rb": [
        1,
        1,
        null
      ],
      "/Users/BluePenguin/Documents/Ada/project-forks/mediaranker/MediaRanker/app/models/book.rb": [
        1,
        1,
        null
      ],
      "/Users/BluePenguin/Documents/Ada/project-forks/mediaranker/MediaRanker/app/models/movie.rb": [
        1,
        1,
        null
      ]
    },
    "timestamp": 1449036899
  }
}
